[2022-08-03 17:01:36,023] ## start time: 2022-08-03 17:01:35.874981
[2022-08-03 17:01:36,024] Using cuda device
[2022-08-03 17:01:36,025] In train:p&d10.npy.
[2022-08-03 17:01:36,026] One Channel
[2022-08-03 17:01:36,027] With Normal data.
[2022-08-03 17:01:36,027] Nunber of classes:10.
[2022-08-03 17:01:36,028] Nunber of ViT channels:1.
[2022-08-03 17:01:36,292] Totol epochs: 15
[2022-08-03 17:01:36,295] Epoch 1---------------
[2022-08-03 17:01:36,295] lr: 2.000000e-03
[2022-08-03 17:01:36,407] loss: 2.338136  [    0/ 4745]
[2022-08-03 17:01:38,065] loss: 1.633124  [  960/ 4745]
[2022-08-03 17:01:39,720] loss: 1.211198  [ 1920/ 4745]
[2022-08-03 17:01:41,378] loss: 0.146030  [ 2880/ 4745]
[2022-08-03 17:01:43,034] loss: 0.020474  [ 3840/ 4745]
[2022-08-03 17:01:45,585] Test Error: Accuracy: 99.706%, Avg loss: 0.018413
[2022-08-03 17:01:45,585] Epoch 2---------------
[2022-08-03 17:01:45,586] lr: 1.900000e-03
[2022-08-03 17:01:45,699] loss: 0.029778  [    0/ 4745]
[2022-08-03 17:01:47,356] loss: 0.012508  [  960/ 4745]
[2022-08-03 17:01:49,013] loss: 0.014209  [ 1920/ 4745]
[2022-08-03 17:01:50,669] loss: 0.005683  [ 2880/ 4745]
[2022-08-03 17:01:52,325] loss: 0.005771  [ 3840/ 4745]
[2022-08-03 17:01:54,878] Test Error: Accuracy: 99.951%, Avg loss: 0.006562
[2022-08-03 17:01:54,879] Epoch 3---------------
[2022-08-03 17:01:54,880] lr: 1.805000e-03
[2022-08-03 17:01:54,992] loss: 0.003538  [    0/ 4745]
[2022-08-03 17:01:56,647] loss: 0.004217  [  960/ 4745]
[2022-08-03 17:01:58,305] loss: 0.002618  [ 1920/ 4745]
[2022-08-03 17:01:59,961] loss: 0.002679  [ 2880/ 4745]
[2022-08-03 17:02:01,617] loss: 0.001965  [ 3840/ 4745]
[2022-08-03 17:02:04,167] Test Error: Accuracy: 99.902%, Avg loss: 0.004097
[2022-08-03 17:02:04,167] Epoch 4---------------
[2022-08-03 17:02:04,168] lr: 1.714750e-03
[2022-08-03 17:02:04,281] loss: 0.001880  [    0/ 4745]
[2022-08-03 17:02:05,936] loss: 0.002005  [  960/ 4745]
[2022-08-03 17:02:07,591] loss: 0.001545  [ 1920/ 4745]
[2022-08-03 17:02:09,247] loss: 0.001512  [ 2880/ 4745]
[2022-08-03 17:02:10,903] loss: 0.001320  [ 3840/ 4745]
[2022-08-03 17:02:13,452] Test Error: Accuracy: 99.902%, Avg loss: 0.003442
[2022-08-03 17:02:13,452] Epoch 5---------------
[2022-08-03 17:02:13,453] lr: 1.629012e-03
[2022-08-03 17:02:13,566] loss: 0.001359  [    0/ 4745]
[2022-08-03 17:02:15,222] loss: 0.001503  [  960/ 4745]
[2022-08-03 17:02:16,878] loss: 0.001263  [ 1920/ 4745]
[2022-08-03 17:02:18,533] loss: 0.001337  [ 2880/ 4745]
[2022-08-03 17:02:20,189] loss: 0.001096  [ 3840/ 4745]
[2022-08-03 17:02:22,742] Test Error: Accuracy: 99.951%, Avg loss: 0.002614
[2022-08-03 17:02:22,743] Epoch 6---------------
[2022-08-03 17:02:22,744] lr: 1.547562e-03
[2022-08-03 17:02:22,857] loss: 0.001165  [    0/ 4745]
[2022-08-03 17:02:24,513] loss: 0.001108  [  960/ 4745]
[2022-08-03 17:02:26,168] loss: 0.001086  [ 1920/ 4745]
[2022-08-03 17:02:27,823] loss: 0.000969  [ 2880/ 4745]
[2022-08-03 17:02:29,481] loss: 0.000903  [ 3840/ 4745]
[2022-08-03 17:02:32,034] Test Error: Accuracy: 99.951%, Avg loss: 0.002667
[2022-08-03 17:02:32,035] Epoch 7---------------
[2022-08-03 17:02:32,036] lr: 1.326841e-03
[2022-08-03 17:02:32,148] loss: 0.000840  [    0/ 4745]
[2022-08-03 17:02:33,802] loss: 0.000821  [  960/ 4745]
[2022-08-03 17:02:35,456] loss: 0.000881  [ 1920/ 4745]
[2022-08-03 17:02:37,111] loss: 0.000856  [ 2880/ 4745]
[2022-08-03 17:02:38,767] loss: 0.000785  [ 3840/ 4745]
[2022-08-03 17:02:41,319] Test Error: Accuracy: 99.902%, Avg loss: 0.003039
[2022-08-03 17:02:41,320] Epoch 8---------------
[2022-08-03 17:02:41,321] lr: 1.026684e-03
[2022-08-03 17:02:41,435] loss: 0.000774  [    0/ 4745]
[2022-08-03 17:02:43,090] loss: 0.001114  [  960/ 4745]
[2022-08-03 17:02:44,746] loss: 0.000795  [ 1920/ 4745]
[2022-08-03 17:02:46,401] loss: 0.000763  [ 2880/ 4745]
[2022-08-03 17:02:48,057] loss: 0.000758  [ 3840/ 4745]
[2022-08-03 17:02:50,605] Test Error: Accuracy: 99.853%, Avg loss: 0.004505
[2022-08-03 17:02:50,606] Epoch 9---------------
[2022-08-03 17:02:50,607] lr: 7.169718e-04
[2022-08-03 17:02:50,719] loss: 0.000842  [    0/ 4745]
[2022-08-03 17:02:52,372] loss: 0.000697  [  960/ 4745]
[2022-08-03 17:02:54,028] loss: 0.000836  [ 1920/ 4745]
[2022-08-03 17:02:55,681] loss: 0.000686  [ 2880/ 4745]
[2022-08-03 17:02:57,337] loss: 0.001164  [ 3840/ 4745]
[2022-08-03 17:02:59,891] Test Error: Accuracy: 99.951%, Avg loss: 0.002039
[2022-08-03 17:02:59,891] Epoch 10---------------
[2022-08-03 17:02:59,892] lr: 6.811233e-04
[2022-08-03 17:03:00,005] loss: 0.000704  [    0/ 4745]
[2022-08-03 17:03:01,663] loss: 0.000745  [  960/ 4745]
[2022-08-03 17:03:03,317] loss: 0.000705  [ 1920/ 4745]
[2022-08-03 17:03:04,973] loss: 0.000785  [ 2880/ 4745]
[2022-08-03 17:03:06,627] loss: 0.000741  [ 3840/ 4745]
[2022-08-03 17:03:09,178] Test Error: Accuracy: 99.902%, Avg loss: 0.003153
[2022-08-03 17:03:09,178] Epoch 11---------------
[2022-08-03 17:03:09,179] lr: 4.756538e-04
[2022-08-03 17:03:09,292] loss: 0.000613  [    0/ 4745]
[2022-08-03 17:03:10,948] loss: 0.000606  [  960/ 4745]
[2022-08-03 17:03:12,606] loss: 0.000685  [ 1920/ 4745]
[2022-08-03 17:03:14,262] loss: 0.000723  [ 2880/ 4745]
[2022-08-03 17:03:15,918] loss: 0.000662  [ 3840/ 4745]
[2022-08-03 17:03:18,473] Test Error: Accuracy: 99.902%, Avg loss: 0.003177
[2022-08-03 17:03:18,473] Epoch 12---------------
[2022-08-03 17:03:18,475] lr: 4.078137e-04
[2022-08-03 17:03:18,588] loss: 0.000639  [    0/ 4745]
[2022-08-03 17:03:20,242] loss: 0.000835  [  960/ 4745]
[2022-08-03 17:03:21,899] loss: 0.000745  [ 1920/ 4745]
[2022-08-03 17:03:23,551] loss: 0.000611  [ 2880/ 4745]
[2022-08-03 17:03:25,207] loss: 0.000671  [ 3840/ 4745]
[2022-08-03 17:03:27,757] Test Error: Accuracy: 99.902%, Avg loss: 0.002621
[2022-08-03 17:03:27,757] Epoch 13---------------
[2022-08-03 17:03:27,758] lr: 3.874230e-04
[2022-08-03 17:03:27,869] loss: 0.000759  [    0/ 4745]
[2022-08-03 17:03:29,500] loss: 0.000601  [  960/ 4745]
[2022-08-03 17:03:31,130] loss: 0.000769  [ 1920/ 4745]
[2022-08-03 17:03:32,758] loss: 0.000618  [ 2880/ 4745]
[2022-08-03 17:03:34,391] loss: 0.000594  [ 3840/ 4745]
[2022-08-03 17:03:36,926] Test Error: Accuracy: 99.951%, Avg loss: 0.001662
[2022-08-03 17:03:36,926] Epoch 14---------------
[2022-08-03 17:03:36,927] lr: 3.680518e-04
[2022-08-03 17:03:37,038] loss: 0.000775  [    0/ 4745]
[2022-08-03 17:03:38,667] loss: 0.000718  [  960/ 4745]
[2022-08-03 17:03:40,300] loss: 0.000780  [ 1920/ 4745]
[2022-08-03 17:03:41,932] loss: 0.000637  [ 2880/ 4745]
[2022-08-03 17:03:43,564] loss: 0.000556  [ 3840/ 4745]
[2022-08-03 17:03:46,108] Test Error: Accuracy: 99.951%, Avg loss: 0.001589
[2022-08-03 17:03:46,109] Epoch 15---------------
[2022-08-03 17:03:46,109] lr: 3.496492e-04
[2022-08-03 17:03:46,219] loss: 0.000595  [    0/ 4745]
[2022-08-03 17:03:47,854] loss: 0.000674  [  960/ 4745]
[2022-08-03 17:03:49,485] loss: 0.000549  [ 1920/ 4745]
[2022-08-03 17:03:51,114] loss: 0.000625  [ 2880/ 4745]
[2022-08-03 17:03:52,749] loss: 0.000505  [ 3840/ 4745]
[2022-08-03 17:03:55,287] Test Error: Accuracy: 99.853%, Avg loss: 0.002832
[2022-08-03 17:03:55,287] Done!
[2022-08-03 17:03:55,292] Number of parameters:3229450
[2022-08-03 17:03:55,292] ## end time: 2022-08-03 17:03:55.287783
[2022-08-03 17:03:55,293] ## used time: 0:02:19.412802
