[2022-08-03 16:49:22,531] ## start time: 2022-08-03 16:49:22.346370
[2022-08-03 16:49:22,531] Using cuda device
[2022-08-03 16:49:22,532] In train:p&d10.npy.
[2022-08-03 16:49:22,532] One Channel
[2022-08-03 16:49:22,532] With Normal data.
[2022-08-03 16:49:22,533] Nunber of classes:10.
[2022-08-03 16:49:22,533] Nunber of ViT channels:1.
[2022-08-03 16:49:23,619] Totol epochs: 3
[2022-08-03 16:49:23,620] Epoch 1---------------
[2022-08-03 16:49:23,621] lr: 2.000000e-03
[2022-08-03 16:49:26,420] loss: 2.641604  [    0/ 4730]
[2022-08-03 16:49:26,578] loss: 1.942002  [  960/ 4730]
[2022-08-03 16:49:26,734] loss: 1.793458  [ 1920/ 4730]
[2022-08-03 16:49:26,890] loss: 1.251640  [ 2880/ 4730]
[2022-08-03 16:49:27,046] loss: 0.919573  [ 3840/ 4730]
[2022-08-03 16:49:27,298] Test Error: Accuracy: 82.660%, Avg loss: 0.714624
[2022-08-03 16:49:27,298] Epoch 2---------------
[2022-08-03 16:49:27,299] lr: 1.900000e-03
[2022-08-03 16:49:27,309] loss: 0.789623  [    0/ 4730]
[2022-08-03 16:49:27,465] loss: 0.404315  [  960/ 4730]
[2022-08-03 16:49:27,630] loss: 0.380262  [ 1920/ 4730]
[2022-08-03 16:49:27,785] loss: 0.198219  [ 2880/ 4730]
[2022-08-03 16:49:27,940] loss: 0.155448  [ 3840/ 4730]
[2022-08-03 16:49:28,194] Test Error: Accuracy: 99.610%, Avg loss: 0.126382
[2022-08-03 16:49:28,195] Epoch 3---------------
[2022-08-03 16:49:28,197] lr: 1.805000e-03
[2022-08-03 16:49:28,209] loss: 0.147897  [    0/ 4730]
[2022-08-03 16:49:28,363] loss: 0.100222  [  960/ 4730]
[2022-08-03 16:49:28,524] loss: 0.087791  [ 1920/ 4730]
[2022-08-03 16:49:28,681] loss: 0.056508  [ 2880/ 4730]
[2022-08-03 16:49:28,836] loss: 0.051231  [ 3840/ 4730]
[2022-08-03 16:49:29,097] Test Error: Accuracy: 99.464%, Avg loss: 0.073086
[2022-08-03 16:49:29,097] Done!
[2022-08-03 16:49:29,099] Number of parameters:52010
[2022-08-03 16:49:29,099] ## end time: 2022-08-03 16:49:29.097441
[2022-08-03 16:49:29,100] ## used time: 0:00:06.751071
