[2022-08-03 16:49:29,297] ## start time: 2022-08-03 16:49:29.148837
[2022-08-03 16:49:29,298] Using cuda device
[2022-08-03 16:49:29,299] In train:p&d10.npy.
[2022-08-03 16:49:29,300] One Channel
[2022-08-03 16:49:29,300] With Normal data.
[2022-08-03 16:49:29,301] Nunber of classes:10.
[2022-08-03 16:49:29,301] Nunber of ViT channels:1.
[2022-08-03 16:49:29,499] Totol epochs: 3
[2022-08-03 16:49:29,500] Epoch 1---------------
[2022-08-03 16:49:29,501] lr: 2.000000e-03
[2022-08-03 16:49:29,514] loss: 2.505235  [    0/ 4795]
[2022-08-03 16:49:29,679] loss: 1.678137  [  960/ 4795]
[2022-08-03 16:49:29,838] loss: 1.498135  [ 1920/ 4795]
[2022-08-03 16:49:29,997] loss: 1.095482  [ 2880/ 4795]
[2022-08-03 16:49:30,156] loss: 0.971131  [ 3840/ 4795]
[2022-08-03 16:49:30,416] Test Error: Accuracy: 81.740%, Avg loss: 0.697204
[2022-08-03 16:49:30,416] Epoch 2---------------
[2022-08-03 16:49:30,417] lr: 1.900000e-03
[2022-08-03 16:49:30,429] loss: 0.645479  [    0/ 4795]
[2022-08-03 16:49:30,581] loss: 0.547344  [  960/ 4795]
[2022-08-03 16:49:30,740] loss: 0.287549  [ 1920/ 4795]
[2022-08-03 16:49:30,898] loss: 0.380328  [ 2880/ 4795]
[2022-08-03 16:49:31,052] loss: 0.217380  [ 3840/ 4795]
[2022-08-03 16:49:31,309] Test Error: Accuracy: 94.567%, Avg loss: 0.285478
[2022-08-03 16:49:31,310] Epoch 3---------------
[2022-08-03 16:49:31,311] lr: 1.805000e-03
[2022-08-03 16:49:31,323] loss: 0.198645  [    0/ 4795]
[2022-08-03 16:49:31,479] loss: 0.154300  [  960/ 4795]
[2022-08-03 16:49:31,636] loss: 0.093599  [ 1920/ 4795]
[2022-08-03 16:49:31,792] loss: 0.076033  [ 2880/ 4795]
[2022-08-03 16:49:31,948] loss: 0.074624  [ 3840/ 4795]
[2022-08-03 16:49:32,205] Test Error: Accuracy: 99.095%, Avg loss: 0.080663
[2022-08-03 16:49:32,205] Done!
[2022-08-03 16:49:32,207] Number of parameters:52010
[2022-08-03 16:49:32,208] ## end time: 2022-08-03 16:49:32.205278
[2022-08-03 16:49:32,208] ## used time: 0:00:03.056441
