[2022-08-03 16:57:39,305] ## start time: 2022-08-03 16:57:39.158181
[2022-08-03 16:57:39,305] Using cuda device
[2022-08-03 16:57:39,306] In train:p&d10.npy.
[2022-08-03 16:57:39,307] One Channel
[2022-08-03 16:57:39,307] With Normal data.
[2022-08-03 16:57:39,309] Nunber of classes:10.
[2022-08-03 16:57:39,310] Nunber of ViT channels:1.
[2022-08-03 16:57:39,568] Totol epochs: 15
[2022-08-03 16:57:39,571] Epoch 1---------------
[2022-08-03 16:57:39,571] lr: 2.000000e-03
[2022-08-03 16:57:39,746] loss: 2.278708  [    0/ 4719]
[2022-08-03 16:57:42,331] loss: 1.942744  [  960/ 4719]
[2022-08-03 16:57:44,910] loss: 1.324522  [ 1920/ 4719]
[2022-08-03 16:57:47,491] loss: 0.554339  [ 2880/ 4719]
[2022-08-03 16:57:50,070] loss: 0.048112  [ 3840/ 4719]
[2022-08-03 16:57:54,141] Test Error: Accuracy: 99.516%, Avg loss: 0.036138
[2022-08-03 16:57:54,141] Epoch 2---------------
[2022-08-03 16:57:54,142] lr: 1.900000e-03
[2022-08-03 16:57:54,317] loss: 0.027892  [    0/ 4719]
[2022-08-03 16:57:56,898] loss: 0.018690  [  960/ 4719]
[2022-08-03 16:57:59,476] loss: 0.013363  [ 1920/ 4719]
[2022-08-03 16:58:02,058] loss: 0.005518  [ 2880/ 4719]
[2022-08-03 16:58:04,638] loss: 0.005060  [ 3840/ 4719]
[2022-08-03 16:58:08,710] Test Error: Accuracy: 99.952%, Avg loss: 0.005300
[2022-08-03 16:58:08,711] Epoch 3---------------
[2022-08-03 16:58:08,712] lr: 1.805000e-03
[2022-08-03 16:58:08,886] loss: 0.003319  [    0/ 4719]
[2022-08-03 16:58:11,465] loss: 0.002951  [  960/ 4719]
[2022-08-03 16:58:14,044] loss: 0.002478  [ 1920/ 4719]
[2022-08-03 16:58:16,623] loss: 0.002694  [ 2880/ 4719]
[2022-08-03 16:58:19,204] loss: 0.002352  [ 3840/ 4719]
[2022-08-03 16:58:23,272] Test Error: Accuracy: 99.952%, Avg loss: 0.005077
[2022-08-03 16:58:23,273] Epoch 4---------------
[2022-08-03 16:58:23,274] lr: 1.714750e-03
[2022-08-03 16:58:23,449] loss: 0.005635  [    0/ 4719]
[2022-08-03 16:58:26,031] loss: 0.003073  [  960/ 4719]
[2022-08-03 16:58:28,612] loss: 0.001491  [ 1920/ 4719]
[2022-08-03 16:58:31,192] loss: 0.001427  [ 2880/ 4719]
[2022-08-03 16:58:33,773] loss: 0.001258  [ 3840/ 4719]
[2022-08-03 16:58:37,845] Test Error: Accuracy: 99.952%, Avg loss: 0.004101
[2022-08-03 16:58:37,845] Epoch 5---------------
[2022-08-03 16:58:37,848] lr: 1.629012e-03
[2022-08-03 16:58:38,022] loss: 0.001476  [    0/ 4719]
[2022-08-03 16:58:40,602] loss: 0.001599  [  960/ 4719]
[2022-08-03 16:59:00,859] loss: 0.001240  [ 1920/ 4719]
[2022-08-03 16:59:03,432] loss: 0.001127  [ 2880/ 4719]
[2022-08-03 16:59:06,013] loss: 0.001208  [ 3840/ 4719]
[2022-08-03 16:59:10,085] Test Error: Accuracy: 100.000%, Avg loss: 0.001523
[2022-08-03 16:59:10,086] Epoch 6---------------
[2022-08-03 16:59:10,087] lr: 1.547562e-03
[2022-08-03 16:59:10,261] loss: 0.001154  [    0/ 4719]
[2022-08-03 16:59:12,841] loss: 0.000950  [  960/ 4719]
[2022-08-03 16:59:15,423] loss: 0.001023  [ 1920/ 4719]
[2022-08-03 16:59:18,004] loss: 0.000926  [ 2880/ 4719]
[2022-08-03 16:59:20,585] loss: 0.000955  [ 3840/ 4719]
[2022-08-03 16:59:24,657] Test Error: Accuracy: 99.952%, Avg loss: 0.002179
[2022-08-03 16:59:24,657] Epoch 7---------------
[2022-08-03 16:59:24,658] lr: 1.080720e-03
[2022-08-03 16:59:24,832] loss: 0.000810  [    0/ 4719]
[2022-08-03 16:59:27,411] loss: 0.001167  [  960/ 4719]
[2022-08-03 16:59:29,992] loss: 0.000880  [ 1920/ 4719]
[2022-08-03 16:59:32,574] loss: 0.000968  [ 2880/ 4719]
[2022-08-03 16:59:35,153] loss: 0.000849  [ 3840/ 4719]
[2022-08-03 16:59:39,226] Test Error: Accuracy: 99.952%, Avg loss: 0.002859
[2022-08-03 16:59:39,227] Epoch 8---------------
[2022-08-03 16:59:39,229] lr: 7.547072e-04
[2022-08-03 16:59:39,402] loss: 0.000827  [    0/ 4719]
[2022-08-03 16:59:41,984] loss: 0.000715  [  960/ 4719]
[2022-08-03 16:59:44,565] loss: 0.000777  [ 1920/ 4719]
[2022-08-03 16:59:47,148] loss: 0.000703  [ 2880/ 4719]
[2022-08-03 16:59:49,727] loss: 0.000869  [ 3840/ 4719]
[2022-08-03 16:59:53,800] Test Error: Accuracy: 100.000%, Avg loss: 0.001475
[2022-08-03 16:59:53,801] Epoch 9---------------
[2022-08-03 16:59:53,802] lr: 7.169718e-04
[2022-08-03 16:59:53,976] loss: 0.000882  [    0/ 4719]
[2022-08-03 16:59:56,557] loss: 0.000733  [  960/ 4719]
[2022-08-03 16:59:59,137] loss: 0.000697  [ 1920/ 4719]
[2022-08-03 17:00:01,718] loss: 0.001113  [ 2880/ 4719]
[2022-08-03 17:00:04,299] loss: 0.000772  [ 3840/ 4719]
[2022-08-03 17:00:08,373] Test Error: Accuracy: 99.952%, Avg loss: 0.001559
[2022-08-03 17:00:08,373] Epoch 10---------------
[2022-08-03 17:00:08,374] lr: 6.147137e-04
[2022-08-03 17:00:08,549] loss: 0.000732  [    0/ 4719]
[2022-08-03 17:00:11,130] loss: 0.000819  [  960/ 4719]
[2022-08-03 17:00:13,710] loss: 0.000577  [ 1920/ 4719]
[2022-08-03 17:00:16,290] loss: 0.000765  [ 2880/ 4719]
[2022-08-03 17:00:18,873] loss: 0.000638  [ 3840/ 4719]
[2022-08-03 17:00:22,941] Test Error: Accuracy: 99.952%, Avg loss: 0.002225
[2022-08-03 17:00:22,941] Epoch 11---------------
[2022-08-03 17:00:22,942] lr: 4.292775e-04
[2022-08-03 17:00:23,117] loss: 0.000761  [    0/ 4719]
[2022-08-03 17:00:25,698] loss: 0.000727  [  960/ 4719]
[2022-08-03 17:00:28,279] loss: 0.000699  [ 1920/ 4719]
[2022-08-03 17:00:30,860] loss: 0.000661  [ 2880/ 4719]
[2022-08-03 17:00:33,439] loss: 0.000665  [ 3840/ 4719]
[2022-08-03 17:00:37,510] Test Error: Accuracy: 99.952%, Avg loss: 0.003464
[2022-08-03 17:00:37,511] Epoch 12---------------
[2022-08-03 17:00:37,513] lr: 2.997805e-04
[2022-08-03 17:00:37,688] loss: 0.000632  [    0/ 4719]
[2022-08-03 17:00:40,269] loss: 0.000545  [  960/ 4719]
[2022-08-03 17:00:42,849] loss: 0.000515  [ 1920/ 4719]
[2022-08-03 17:00:45,430] loss: 0.000738  [ 2880/ 4719]
[2022-08-03 17:00:48,010] loss: 0.000770  [ 3840/ 4719]
[2022-08-03 17:00:52,081] Test Error: Accuracy: 99.952%, Avg loss: 0.003650
[2022-08-03 17:00:52,081] Epoch 13---------------
[2022-08-03 17:00:52,082] lr: 2.570243e-04
[2022-08-03 17:00:52,256] loss: 0.000654  [    0/ 4719]
[2022-08-03 17:00:54,837] loss: 0.000596  [  960/ 4719]
[2022-08-03 17:00:57,418] loss: 0.000576  [ 1920/ 4719]
[2022-08-03 17:00:59,999] loss: 0.000615  [ 2880/ 4719]
[2022-08-03 17:01:02,579] loss: 0.000655  [ 3840/ 4719]
[2022-08-03 17:01:06,651] Test Error: Accuracy: 99.952%, Avg loss: 0.001578
[2022-08-03 17:01:06,651] Epoch 14---------------
[2022-08-03 17:01:06,652] lr: 2.441731e-04
[2022-08-03 17:01:06,827] loss: 0.000640  [    0/ 4719]
[2022-08-03 17:01:09,409] loss: 0.000747  [  960/ 4719]
[2022-08-03 17:01:11,990] loss: 0.000627  [ 1920/ 4719]
[2022-08-03 17:01:14,573] loss: 0.000679  [ 2880/ 4719]
[2022-08-03 17:01:17,154] loss: 0.000648  [ 3840/ 4719]
[2022-08-03 17:01:21,226] Test Error: Accuracy: 99.952%, Avg loss: 0.001739
[2022-08-03 17:01:21,227] Epoch 15---------------
[2022-08-03 17:01:21,228] lr: 2.093479e-04
[2022-08-03 17:01:21,404] loss: 0.000636  [    0/ 4719]
[2022-08-03 17:01:23,985] loss: 0.000677  [  960/ 4719]
[2022-08-03 17:01:26,564] loss: 0.000743  [ 1920/ 4719]
[2022-08-03 17:01:29,145] loss: 0.000607  [ 2880/ 4719]
[2022-08-03 17:01:31,726] loss: 0.000517  [ 3840/ 4719]
[2022-08-03 17:01:35,800] Test Error: Accuracy: 99.952%, Avg loss: 0.003030
[2022-08-03 17:01:35,801] Done!
[2022-08-03 17:01:35,805] Number of parameters:3198730
[2022-08-03 17:01:35,805] ## end time: 2022-08-03 17:01:35.801965
[2022-08-03 17:01:35,805] ## used time: 0:03:56.643784
